#
# There is insufficient memory for the Java Runtime Environment to continue.
# Native memory allocation (malloc) failed to allocate 1003536 bytes for Chunk::new
# Possible reasons:
#   The system is out of physical RAM or swap space
#   The process is running with CompressedOops enabled, and the Java Heap may be blocking the growth of the native heap
# Possible solutions:
#   Reduce memory load on the system
#   Increase physical memory or swap space
#   Check if swap backing store is full
#   Decrease Java heap size (-Xmx/-Xms)
#   Decrease number of Java threads
#   Decrease Java thread stack sizes (-Xss)
#   Set larger code cache with -XX:ReservedCodeCacheSize=
#   JVM is running with Unscaled Compressed Oops mode in which the Java heap is
#     placed in the first 4GB address space. The Java Heap base address is the
#     maximum limit for the native heap growth. Please use -XX:HeapBaseMinAddress
#     to set the Java Heap base and to place the Java Heap above 4GB virtual address.
# This output file may be truncated or incomplete.
#
#  Out of Memory Error (allocation.cpp:389), pid=9064, tid=0x0000000000001980
#
# JRE version: OpenJDK Runtime Environment (8.0_242-b01) (build 1.8.0_242-release-1644-b01)
# Java VM: OpenJDK 64-Bit Server VM (25.242-b01 mixed mode windows-amd64 compressed oops)
# Failed to write core dump. Minidumps are not enabled by default on client versions of Windows
#

---------------  T H R E A D  ---------------

Current thread (0x0000000017219000):  JavaThread "C2 CompilerThread1" daemon [_thread_in_native, id=6528, stack(0x0000000018960000,0x0000000018a60000)]

Stack: [0x0000000018960000,0x0000000018a60000]
[error occurred during error reporting (printing stack bounds), id 0xc0000005]

Native frames: (J=compiled Java code, j=interpreted, Vv=VM code, C=native code)


Current CompileTask:
C2:   8026 5062 %     4       org.gradle.internal.instantiation.generator.AbstractClassGenerator::inspectType @ 107 (560 bytes)


---------------  P R O C E S S  ---------------

Java Threads: ( => current thread )
  0x000000001e608800 JavaThread "Cache worker for file content cache (C:\Users\gi\AndroidStudioProjects\MyBank\.gradle\6.5\fileContent)" [_thread_blocked, id=7472, stack(0x0000000028e20000,0x0000000028f20000)]
  0x000000001e606000 JavaThread "Memory manager" [_thread_blocked, id=5248, stack(0x0000000027530000,0x0000000027630000)]
  0x000000001e607800 JavaThread "Cache worker for Build Output Cleanup Cache (C:\Users\gi\AndroidStudioProjects\MyBank\.gradle\buildOutputCleanup)" [_thread_blocked, id=1804, stack(0x0000000026e30000,0x0000000026f30000)]
  0x000000001e605800 JavaThread "jar transforms Thread 92" [_thread_blocked, id=6084, stack(0x0000000026b30000,0x0000000026c30000)]
  0x000000001e607000 JavaThread "jar transforms Thread 91" [_thread_blocked, id=2868, stack(0x0000000026a30000,0x0000000026b30000)]
  0x000000001e604800 JavaThread "jar transforms Thread 90" [_thread_blocked, id=7608, stack(0x0000000026930000,0x0000000026a30000)]
  0x000000001e636000 JavaThread "jar transforms Thread 89" [_thread_blocked, id=8156, stack(0x0000000026830000,0x0000000026930000)]
  0x000000001e635800 JavaThread "jar transforms Thread 88" [_thread_blocked, id=8912, stack(0x0000000026730000,0x0000000026830000)]
  0x000000001e633000 JavaThread "jar transforms Thread 87" [_thread_blocked, id=6904, stack(0x0000000026630000,0x0000000026730000)]
  0x000000001e634000 JavaThread "jar transforms Thread 86" [_thread_blocked, id=408, stack(0x0000000026530000,0x0000000026630000)]
  0x000000001e632800 JavaThread "jar transforms Thread 85" [_thread_blocked, id=7140, stack(0x0000000026430000,0x0000000026530000)]
  0x000000001e631800 JavaThread "jar transforms Thread 84" [_thread_blocked, id=7188, stack(0x0000000026330000,0x0000000026430000)]
  0x000000001e630000 JavaThread "jar transforms Thread 83" [_thread_blocked, id=7780, stack(0x0000000026230000,0x0000000026330000)]
  0x000000001e631000 JavaThread "jar transforms Thread 82" [_thread_blocked, id=2892, stack(0x0000000026130000,0x0000000026230000)]
  0x000000001e634800 JavaThread "jar transforms Thread 81" [_thread_blocked, id=7392, stack(0x0000000026030000,0x0000000026130000)]
  0x000000001e628800 JavaThread "jar transforms Thread 80" [_thread_blocked, id=1036, stack(0x0000000025f30000,0x0000000026030000)]
  0x000000001e62f800 JavaThread "jar transforms Thread 79" [_thread_blocked, id=1132, stack(0x0000000025e30000,0x0000000025f30000)]
  0x000000001e62e800 JavaThread "jar transforms Thread 78" [_thread_blocked, id=2184, stack(0x0000000025d30000,0x0000000025e30000)]
  0x000000001e62a000 JavaThread "jar transforms Thread 77" [_thread_blocked, id=6524, stack(0x0000000025c30000,0x0000000025d30000)]
  0x000000001e629800 JavaThread "jar transforms Thread 76" [_thread_blocked, id=6404, stack(0x0000000025b30000,0x0000000025c30000)]
  0x000000001e62b000 JavaThread "jar transforms Thread 75" [_thread_blocked, id=7908, stack(0x0000000025a30000,0x0000000025b30000)]
  0x000000001e62b800 JavaThread "jar transforms Thread 74" [_thread_blocked, id=9000, stack(0x0000000025930000,0x0000000025a30000)]
  0x000000001e628000 JavaThread "jar transforms Thread 73" [_thread_blocked, id=6972, stack(0x0000000025830000,0x0000000025930000)]
  0x000000001e627000 JavaThread "jar transforms Thread 72" [_thread_blocked, id=6884, stack(0x0000000025730000,0x0000000025830000)]
  0x000000001e62e000 JavaThread "jar transforms Thread 71" [_thread_blocked, id=1436, stack(0x0000000025630000,0x0000000025730000)]
  0x000000001e62d000 JavaThread "jar transforms Thread 70" [_thread_blocked, id=3332, stack(0x0000000025530000,0x0000000025630000)]
  0x000000001e62c800 JavaThread "jar transforms Thread 69" [_thread_blocked, id=5468, stack(0x0000000025430000,0x0000000025530000)]
  0x000000001e708000 JavaThread "jar transforms Thread 68" [_thread_blocked, id=7404, stack(0x0000000025330000,0x0000000025430000)]
  0x000000001e707000 JavaThread "jar transforms Thread 67" [_thread_blocked, id=376, stack(0x0000000025230000,0x0000000025330000)]
  0x000000001e706800 JavaThread "jar transforms Thread 66" [_thread_blocked, id=464, stack(0x0000000025130000,0x0000000025230000)]
  0x000000001e705800 JavaThread "jar transforms Thread 65" [_thread_blocked, id=3572, stack(0x0000000025030000,0x0000000025130000)]
  0x000000001e705000 JavaThread "jar transforms Thread 64" [_thread_blocked, id=6048, stack(0x0000000024f30000,0x0000000025030000)]
  0x000000001e709800 JavaThread "jar transforms Thread 63" [_thread_blocked, id=3620, stack(0x0000000024e30000,0x0000000024f30000)]
  0x000000001e708800 JavaThread "jar transforms Thread 62" [_thread_blocked, id=7872, stack(0x0000000024d30000,0x0000000024e30000)]
  0x000000001e704000 JavaThread "jar transforms Thread 61" [_thread_blocked, id=6764, stack(0x0000000024c30000,0x0000000024d30000)]
  0x000000001e6fc800 JavaThread "jar transforms Thread 60" [_thread_blocked, id=5260, stack(0x0000000024b30000,0x0000000024c30000)]
  0x000000001e703800 JavaThread "jar transforms Thread 59" [_thread_blocked, id=2896, stack(0x0000000024a30000,0x0000000024b30000)]
  0x000000001e702800 JavaThread "jar transforms Thread 58" [_thread_blocked, id=364, stack(0x0000000024930000,0x0000000024a30000)]
  0x000000001e6ff800 JavaThread "jar transforms Thread 57" [_thread_blocked, id=8620, stack(0x0000000024830000,0x0000000024930000)]
  0x000000001e702000 JavaThread "jar transforms Thread 56" [_thread_blocked, id=4872, stack(0x0000000024730000,0x0000000024830000)]
  0x000000001e6fa800 JavaThread "jar transforms Thread 55" [_thread_blocked, id=5900, stack(0x0000000024630000,0x0000000024730000)]
  0x000000001e700800 JavaThread "jar transforms Thread 54" [_thread_blocked, id=3268, stack(0x0000000024530000,0x0000000024630000)]
  0x000000001e6fc000 JavaThread "jar transforms Thread 53" [_thread_blocked, id=7916, stack(0x0000000024430000,0x0000000024530000)]
  0x000000001e701000 JavaThread "jar transforms Thread 52" [_thread_blocked, id=9020, stack(0x0000000024330000,0x0000000024430000)]
  0x000000001e6fd800 JavaThread "jar transforms Thread 51" [_thread_blocked, id=832, stack(0x0000000024230000,0x0000000024330000)]
  0x000000001e6fb000 JavaThread "jar transforms Thread 50" [_thread_blocked, id=5808, stack(0x0000000024130000,0x0000000024230000)]
  0x000000001e6ff000 JavaThread "jar transforms Thread 49" [_thread_blocked, id=2204, stack(0x0000000024030000,0x0000000024130000)]
  0x000000001e6fe000 JavaThread "jar transforms Thread 48" [_thread_blocked, id=7532, stack(0x0000000023f30000,0x0000000024030000)]
  0x000000001d8c6000 JavaThread "jar transforms Thread 47" [_thread_blocked, id=1672, stack(0x0000000023e30000,0x0000000023f30000)]
  0x000000001d8c5000 JavaThread "jar transforms Thread 46" [_thread_blocked, id=1332, stack(0x0000000023d30000,0x0000000023e30000)]
  0x000000001d8c2800 JavaThread "jar transforms Thread 45" [_thread_blocked, id=7212, stack(0x0000000023c30000,0x0000000023d30000)]
  0x000000001d8c2000 JavaThread "jar transforms Thread 44" [_thread_blocked, id=4740, stack(0x0000000023b30000,0x0000000023c30000)]
  0x000000001d8c7800 JavaThread "jar transforms Thread 43" [_thread_blocked, id=4572, stack(0x0000000023a30000,0x0000000023b30000)]
  0x000000001d8c4800 JavaThread "jar transforms Thread 42" [_thread_blocked, id=6768, stack(0x0000000023930000,0x0000000023a30000)]
  0x000000001d8c3800 JavaThread "jar transforms Thread 41" [_thread_blocked, id=8448, stack(0x0000000023830000,0x0000000023930000)]
  0x000000001d8c6800 JavaThread "jar transforms Thread 40" [_thread_blocked, id=6424, stack(0x0000000023730000,0x0000000023830000)]
  0x000000001d8c1000 JavaThread "jar transforms Thread 39" [_thread_blocked, id=1316, stack(0x0000000023630000,0x0000000023730000)]
  0x000000001d8b9800 JavaThread "jar transforms Thread 38" [_thread_blocked, id=4964, stack(0x0000000023530000,0x0000000023630000)]
  0x000000001d8bd800 JavaThread "jar transforms Thread 37" [_thread_blocked, id=5052, stack(0x0000000023430000,0x0000000023530000)]
  0x000000001d8be000 JavaThread "jar transforms Thread 36" [_thread_blocked, id=5548, stack(0x0000000023330000,0x0000000023430000)]
  0x000000001d8c0800 JavaThread "jar transforms Thread 35" [_thread_blocked, id=8204, stack(0x0000000023230000,0x0000000023330000)]
  0x000000001d8bc000 JavaThread "jar transforms Thread 34" [_thread_blocked, id=5616, stack(0x0000000023130000,0x0000000023230000)]
  0x000000001d8bf800 JavaThread "jar transforms Thread 33" [_thread_blocked, id=8660, stack(0x0000000023030000,0x0000000023130000)]
  0x000000001d8bb000 JavaThread "jar transforms Thread 32" [_thread_blocked, id=5660, stack(0x0000000022f30000,0x0000000023030000)]
  0x000000001d8ba800 JavaThread "jar transforms Thread 31" [_thread_blocked, id=3376, stack(0x0000000022e30000,0x0000000022f30000)]
  0x000000001d8bf000 JavaThread "jar transforms Thread 30" [_thread_blocked, id=1720, stack(0x0000000022d30000,0x0000000022e30000)]
  0x000000001d8b8000 JavaThread "jar transforms Thread 29" [_thread_blocked, id=3860, stack(0x0000000022c30000,0x0000000022d30000)]
  0x000000001d8bc800 JavaThread "jar transforms Thread 28" [_thread_blocked, id=2444, stack(0x0000000022b30000,0x0000000022c30000)]
  0x000000001d8b9000 JavaThread "jar transforms Thread 27" [_thread_blocked, id=4776, stack(0x0000000022a30000,0x0000000022b30000)]
  0x000000001aeda800 JavaThread "jar transforms Thread 26" [_thread_blocked, id=184, stack(0x0000000022930000,0x0000000022a30000)]
  0x000000001aed8000 JavaThread "jar transforms Thread 25" [_thread_blocked, id=852, stack(0x0000000022830000,0x0000000022930000)]
  0x000000001aed9800 JavaThread "jar transforms Thread 24" [_thread_blocked, id=8844, stack(0x0000000022730000,0x0000000022830000)]
  0x000000001aed7800 JavaThread "jar transforms Thread 23" [_thread_blocked, id=7720, stack(0x0000000022630000,0x0000000022730000)]
  0x000000001aed6800 JavaThread "jar transforms Thread 22" [_thread_blocked, id=7816, stack(0x0000000022530000,0x0000000022630000)]
  0x000000001aedb000 JavaThread "jar transforms Thread 21" [_thread_blocked, id=8504, stack(0x0000000022430000,0x0000000022530000)]
  0x000000001aed9000 JavaThread "jar transforms Thread 20" [_thread_blocked, id=5884, stack(0x0000000022330000,0x0000000022430000)]
  0x000000001aed6000 JavaThread "jar transforms Thread 19" [_thread_blocked, id=5216, stack(0x0000000022230000,0x0000000022330000)]
  0x000000001aedc000 JavaThread "jar transforms Thread 18" [_thread_blocked, id=2964, stack(0x0000000022130000,0x0000000022230000)]
  0x000000001aed5000 JavaThread "jar transforms Thread 17" [_thread_blocked, id=5172, stack(0x0000000022030000,0x0000000022130000)]
  0x000000001b203800 JavaThread "jar transforms Thread 16" [_thread_blocked, id=3636, stack(0x0000000021f30000,0x0000000022030000)]
  0x000000001b204000 JavaThread "jar transforms Thread 15" [_thread_blocked, id=8304, stack(0x0000000021e30000,0x0000000021f30000)]
  0x000000001b202800 JavaThread "jar transforms Thread 14" [_thread_blocked, id=3228, stack(0x0000000021d30000,0x0000000021e30000)]
  0x000000001b202000 JavaThread "jar transforms Thread 13" [_thread_blocked, id=9140, stack(0x0000000021c30000,0x0000000021d30000)]
  0x000000001b1fa800 JavaThread "jar transforms Thread 12" [_thread_blocked, id=6148, stack(0x0000000021b30000,0x0000000021c30000)]
  0x000000001b201000 JavaThread "jar transforms Thread 11" [_thread_blocked, id=236, stack(0x0000000021a30000,0x0000000021b30000)]
  0x000000001b1ff000 JavaThread "jar transforms Thread 10" [_thread_blocked, id=6920, stack(0x0000000021830000,0x0000000021930000)]
  0x000000001b200800 JavaThread "jar transforms Thread 9" [_thread_blocked, id=3960, stack(0x0000000021730000,0x0000000021830000)]
  0x000000001b1fe000 JavaThread "jar transforms Thread 8" [_thread_blocked, id=5288, stack(0x0000000021630000,0x0000000021730000)]
  0x000000001b1fd800 JavaThread "jar transforms Thread 7" [_thread_blocked, id=2284, stack(0x0000000021530000,0x0000000021630000)]
  0x000000001b1fc000 JavaThread "jar transforms Thread 6" [_thread_blocked, id=7244, stack(0x0000000021430000,0x0000000021530000)]
  0x000000001b1ff800 JavaThread "jar transforms Thread 5" [_thread_blocked, id=8296, stack(0x0000000021330000,0x0000000021430000)]
  0x000000001b1f9000 JavaThread "jar transforms Thread 4" [_thread_blocked, id=2288, stack(0x0000000021230000,0x0000000021330000)]
  0x000000001b1fb000 JavaThread "jar transforms Thread 3" [_thread_blocked, id=4212, stack(0x0000000021130000,0x0000000021230000)]
  0x000000001b1f9800 JavaThread "jar transforms Thread 2" [_thread_blocked, id=4368, stack(0x0000000021030000,0x0000000021130000)]
  0x000000001b1f6000 JavaThread "Build operations Thread 4" [_thread_blocked, id=5436, stack(0x0000000020f30000,0x0000000021030000)]
  0x000000001b1fc800 JavaThread "Build operations Thread 3" [_thread_blocked, id=1252, stack(0x0000000020e30000,0x0000000020f30000)]
  0x000000001b1f5000 JavaThread "Build operations Thread 2" [_thread_blocked, id=2492, stack(0x0000000020a80000,0x0000000020b80000)]
  0x000000001b1f7800 JavaThread "Build operations" [_thread_blocked, id=4624, stack(0x0000000020980000,0x0000000020a80000)]
  0x000000001ac7f800 JavaThread "Cache worker for file content cache (C:\Users\gi\.gradle\caches\6.5\fileContent)" [_thread_blocked, id=1492, stack(0x0000000020480000,0x0000000020580000)]
  0x000000001ac81800 JavaThread "jar transforms" [_thread_blocked, id=8584, stack(0x0000000020380000,0x0000000020480000)]
  0x000000001ac7e000 JavaThread "Cache worker for execution history cache (C:\Users\gi\.gradle\caches\6.5\executionHistory)" [_thread_blocked, id=5440, stack(0x000000001fc80000,0x000000001fd80000)]
  0x000000001ac81000 JavaThread "Cache worker for cache directory md-rule (C:\Users\gi\.gradle\caches\6.5\md-rule)" [_thread_blocked, id=812, stack(0x000000001fb80000,0x000000001fc80000)]
  0x000000001ac7d000 JavaThread "Cache worker for cache directory md-supplier (C:\Users\gi\.gradle\caches\6.5\md-supplier)" [_thread_blocked, id=6096, stack(0x000000001fa80000,0x000000001fb80000)]
  0x000000001ac80000 JavaThread "Cache worker for checksums cache (C:\Users\gi\AndroidStudioProjects\MyBank\.gradle\checksums)" [_thread_blocked, id=4136, stack(0x000000001f980000,0x000000001fa80000)]
  0x000000001ac7c800 JavaThread "Cache worker for file hash cache (C:\Users\gi\AndroidStudioProjects\MyBank\.gradle\6.5\fileHashes)" [_thread_blocked, id=2724, stack(0x000000001e450000,0x000000001e550000)]
  0x000000001ac7b800 JavaThread "Cache worker for file hash cache (C:\Users\gi\.gradle\caches\6.5\fileHashes)" [_thread_blocked, id=4244, stack(0x000000001d180000,0x000000001d280000)]
  0x000000001ac7e800 JavaThread "File lock request listener" [_thread_in_native, id=8572, stack(0x000000001d080000,0x000000001d180000)]
  0x000000001ad8c000 JavaThread "Cache worker for journal cache (C:\Users\gi\.gradle\caches\journal-1)" [_thread_blocked, id=2672, stack(0x000000001cf80000,0x000000001d080000)]
  0x000000001ab31000 JavaThread "Thread-9" [_thread_blocked, id=8804, stack(0x000000001cc80000,0x000000001cd80000)]
  0x000000001ab30800 JavaThread "Stdin handler" [_thread_blocked, id=6588, stack(0x000000001cb80000,0x000000001cc80000)]
  0x000000001ab2f800 JavaThread "Asynchronous log dispatcher for DefaultDaemonConnection: socket connection from /127.0.0.1:62430 to /127.0.0.1:62431" [_thread_blocked, id=3000, stack(0x000000001ca80000,0x000000001cb80000)]
  0x000000001a1ab000 JavaThread "Daemon worker" [_thread_in_vm, id=8708, stack(0x000000001c980000,0x000000001ca80000)]
  0x000000001ab2e800 JavaThread "Cancel handler" [_thread_blocked, id=7072, stack(0x000000001c880000,0x000000001c980000)]
  0x000000001aafa000 JavaThread "Handler for socket connection from /127.0.0.1:62430 to /127.0.0.1:62431" [_thread_in_native, id=1856, stack(0x000000001c780000,0x000000001c880000)]
  0x000000001aa64800 JavaThread "Daemon" [_thread_blocked, id=8536, stack(0x000000001c480000,0x000000001c580000)]
  0x000000001aaf7000 JavaThread "Daemon periodic checks" [_thread_blocked, id=7832, stack(0x000000001c380000,0x000000001c480000)]
  0x000000001aa43000 JavaThread "Incoming local TCP Connector on port 62430" [_thread_in_native, id=4312, stack(0x000000001c140000,0x000000001c240000)]
  0x00000000194da000 JavaThread "Daemon health stats" [_thread_blocked, id=8736, stack(0x000000001bb00000,0x000000001bc00000)]
  0x0000000018b98800 JavaThread "Service Thread" daemon [_thread_blocked, id=7752, stack(0x0000000018f60000,0x0000000019060000)]
  0x0000000017229800 JavaThread "C1 CompilerThread2" daemon [_thread_blocked, id=3036, stack(0x0000000018a60000,0x0000000018b60000)]
=>0x0000000017219000 JavaThread "C2 CompilerThread1" daemon [_thread_in_native, id=6528, stack(0x0000000018960000,0x0000000018a60000)]
  0x0000000017215800 JavaThread "C2 CompilerThread0" daemon [_thread_blocked, id=4252, stack(0x0000000018860000,0x0000000018960000)]
  0x0000000017213800 JavaThread "Attach Listener" daemon [_thread_blocked, id=1992, stack(0x0000000018760000,0x0000000018860000)]
  0x0000000017212000 JavaThread "Signal Dispatcher" daemon [_thread_blocked, id=8488, stack(0x0000000018660000,0x0000000018760000)]
  0x000000000258b000 JavaThread "Finalizer" daemon [_thread_blocked, id=1800, stack(0x0000000018460000,0x0000000018560000)]
  0x00000000171f9000 JavaThread "Reference Handler" daemon [_thread_blocked, id=3432, stack(0x0000000018360000,0x0000000018460000)]
  0x00000000025ed800 JavaThread "main" [_thread_blocked, id=2496, stack(0x0000000002350000,0x0000000002450000)]

Other Threads:
  0x00000000171d6800 VMThread [stack: 0x0000000018260000,0x0000000018360000] [id=1140]
  0x0000000017263000 WatcherThread [stack: 0x0000000019060000,0x0000000019160000] [id=3404]

VM state:not at safepoint (normal execution)

VM Mutex/Monitor currently owned by a thread: None

heap address: 0x0000000080000000, size: 2048 MB, Compressed Oops mode: 32-bit
Narrow klass base: 0x0000000000000000, Narrow klass shift: 3
Compressed class space size: 1073741824 Address: 0x0000000100000000

Heap:
 PSYoungGen      total 204800K, used 29599K [0x00000000d5580000, 0x00000000e7000000, 0x0000000100000000)
  eden space 185344K, 15% used [0x00000000d5580000,0x00000000d7267f98,0x00000000e0a80000)
  from space 19456K, 0% used [0x00000000e0a80000,0x00000000e0a80000,0x00000000e1d80000)
  to   space 19456K, 0% used [0x00000000e5d00000,0x00000000e5d00000,0x00000000e7000000)
 ParOldGen       total 58880K, used 30956K [0x0000000080000000, 0x0000000083980000, 0x00000000d5580000)
  object space 58880K, 52% used [0x0000000080000000,0x0000000081e3b278,0x0000000083980000)
 Metaspace       used 58655K, capacity 61038K, committed 61336K, reserved 1101824K
  class space    used 8097K, capacity 8592K, committed 8624K, reserved 1048576K

Card table byte_map: [0x00000000119b0000,0x0000000011dc0000] byte_map_base: 0x00000000115b0000

Marking Bits: (ParMarkBitMap*) 0x00000000625cf030
 Begin Bits: [0x0000000012470000, 0x0000000014470000)
 End Bits:   [0x0000000014470000, 0x0000000016470000)

Polling page: 0x0000000000730000

CodeCache: size=245760Kb used=16439Kb max_used=16439Kb free=229320Kb
 bounds [0x00000000025f0000, 0x0000000003610000, 0x00000000115f0000]
 total_blobs=5540 nmethods=4766 adapters=688
 compilation: enabled

Compilation events (10 events):
Event: 7.988 Thread 0x0000000017229800 nmethod 5232 0x00000000035fd750 code [0x00000000035fd920, 0x00000000035fe1a8]
Event: 7.988 Thread 0x0000000017229800 5233       3       com.sun.xml.bind.v2.model.nav.ReflectionNavigator::getSuperClass (9 bytes)
Event: 7.988 Thread 0x0000000017229800 nmethod 5233 0x00000000035fd010 code [0x00000000035fd1a0, 0x00000000035fd608]
Event: 7.988 Thread 0x0000000017229800 5234       3       com.sun.xml.bind.v2.model.nav.ReflectionNavigator::asDecl (6 bytes)
Event: 7.988 Thread 0x0000000017229800 nmethod 5234 0x0000000002cff750 code [0x0000000002cff8a0, 0x0000000002cffad0]
Event: 7.988 Thread 0x0000000017229800 5235       3       com.sun.xml.bind.v2.model.nav.ReflectionNavigator::asDecl (9 bytes)
Event: 7.989 Thread 0x0000000017229800 nmethod 5235 0x00000000035fc750 code [0x00000000035fc8e0, 0x00000000035fcea8]
Event: 7.989 Thread 0x0000000017215800 nmethod 5231 0x00000000035fc250 code [0x00000000035fc3a0, 0x00000000035fc588]
Event: 7.989 Thread 0x0000000017215800 5236       4       java.util.LinkedHashMap::get (33 bytes)
Event: 7.992 Thread 0x0000000017215800 nmethod 5236 0x00000000035fbb10 code [0x00000000035fbc80, 0x00000000035fbf98]

GC Heap History (10 events):
Event: 4.075 GC heap before
{Heap before GC invocations=12 (full 2):
 PSYoungGen      total 151552K, used 9535K [0x00000000d5580000, 0x00000000df680000, 0x0000000100000000)
  eden space 140288K, 0% used [0x00000000d5580000,0x00000000d5580000,0x00000000dde80000)
  from space 11264K, 84% used [0x00000000deb80000,0x00000000df4cfe40,0x00000000df680000)
  to   space 12288K, 0% used [0x00000000dde80000,0x00000000dde80000,0x00000000dea80000)
 ParOldGen       total 38912K, used 8837K [0x0000000080000000, 0x0000000082600000, 0x00000000d5580000)
  object space 38912K, 22% used [0x0000000080000000,0x00000000808a1790,0x0000000082600000)
 Metaspace       used 34283K, capacity 35410K, committed 35496K, reserved 1079296K
  class space    used 4723K, capacity 5002K, committed 5040K, reserved 1048576K
Event: 4.122 GC heap after
Heap after GC invocations=12 (full 2):
 PSYoungGen      total 151552K, used 0K [0x00000000d5580000, 0x00000000df680000, 0x0000000100000000)
  eden space 140288K, 0% used [0x00000000d5580000,0x00000000d5580000,0x00000000dde80000)
  from space 11264K, 0% used [0x00000000deb80000,0x00000000deb80000,0x00000000df680000)
  to   space 12288K, 0% used [0x00000000dde80000,0x00000000dde80000,0x00000000dea80000)
 ParOldGen       total 58880K, used 15838K [0x0000000080000000, 0x0000000083980000, 0x00000000d5580000)
  object space 58880K, 26% used [0x0000000080000000,0x0000000080f77a78,0x0000000083980000)
 Metaspace       used 34283K, capacity 35410K, committed 35496K, reserved 1079296K
  class space    used 4723K, capacity 5002K, committed 5040K, reserved 1048576K
}
Event: 5.231 GC heap before
{Heap before GC invocations=13 (full 2):
 PSYoungGen      total 151552K, used 140288K [0x00000000d5580000, 0x00000000df680000, 0x0000000100000000)
  eden space 140288K, 100% used [0x00000000d5580000,0x00000000dde80000,0x00000000dde80000)
  from space 11264K, 0% used [0x00000000deb80000,0x00000000deb80000,0x00000000df680000)
  to   space 12288K, 0% used [0x00000000dde80000,0x00000000dde80000,0x00000000dea80000)
 ParOldGen       total 58880K, used 15838K [0x0000000080000000, 0x0000000083980000, 0x00000000d5580000)
  object space 58880K, 26% used [0x0000000080000000,0x0000000080f77a78,0x0000000083980000)
 Metaspace       used 41171K, capacity 42868K, committed 43176K, reserved 1087488K
  class space    used 5638K, capacity 6010K, committed 6064K, reserved 1048576K
Event: 5.241 GC heap after
Heap after GC invocations=13 (full 2):
 PSYoungGen      total 152576K, used 11689K [0x00000000d5580000, 0x00000000e2b00000, 0x0000000100000000)
  eden space 140288K, 0% used [0x00000000d5580000,0x00000000d5580000,0x00000000dde80000)
  from space 12288K, 95% used [0x00000000dde80000,0x00000000de9ea450,0x00000000dea80000)
  to   space 13824K, 0% used [0x00000000e1d80000,0x00000000e1d80000,0x00000000e2b00000)
 ParOldGen       total 58880K, used 15846K [0x0000000080000000, 0x0000000083980000, 0x00000000d5580000)
  object space 58880K, 26% used [0x0000000080000000,0x0000000080f79a78,0x0000000083980000)
 Metaspace       used 41171K, capacity 42868K, committed 43176K, reserved 1087488K
  class space    used 5638K, capacity 6010K, committed 6064K, reserved 1048576K
}
Event: 7.206 GC heap before
{Heap before GC invocations=14 (full 2):
 PSYoungGen      total 152576K, used 151977K [0x00000000d5580000, 0x00000000e2b00000, 0x0000000100000000)
  eden space 140288K, 100% used [0x00000000d5580000,0x00000000dde80000,0x00000000dde80000)
  from space 12288K, 95% used [0x00000000dde80000,0x00000000de9ea450,0x00000000dea80000)
  to   space 13824K, 0% used [0x00000000e1d80000,0x00000000e1d80000,0x00000000e2b00000)
 ParOldGen       total 58880K, used 15846K [0x0000000080000000, 0x0000000083980000, 0x00000000d5580000)
  object space 58880K, 26% used [0x0000000080000000,0x0000000080f79a78,0x0000000083980000)
 Metaspace       used 54451K, capacity 56594K, committed 56872K, reserved 1097728K
  class space    used 7413K, capacity 7898K, committed 7984K, reserved 1048576K
Event: 7.225 GC heap after
Heap after GC invocations=14 (full 2):
 PSYoungGen      total 199168K, used 13818K [0x00000000d5580000, 0x00000000e3280000, 0x0000000100000000)
  eden space 185344K, 0% used [0x00000000d5580000,0x00000000d5580000,0x00000000e0a80000)
  from space 13824K, 99% used [0x00000000e1d80000,0x00000000e2afea98,0x00000000e2b00000)
  to   space 19456K, 0% used [0x00000000e0a80000,0x00000000e0a80000,0x00000000e1d80000)
 ParOldGen       total 58880K, used 26521K [0x0000000080000000, 0x0000000083980000, 0x00000000d5580000)
  object space 58880K, 45% used [0x0000000080000000,0x00000000819e6578,0x0000000083980000)
 Metaspace       used 54451K, capacity 56594K, committed 56872K, reserved 1097728K
  class space    used 7413K, capacity 7898K, committed 7984K, reserved 1048576K
}
Event: 7.593 GC heap before
{Heap before GC invocations=15 (full 2):
 PSYoungGen      total 199168K, used 46366K [0x00000000d5580000, 0x00000000e3280000, 0x0000000100000000)
  eden space 185344K, 17% used [0x00000000d5580000,0x00000000d7548d70,0x00000000e0a80000)
  from space 13824K, 99% used [0x00000000e1d80000,0x00000000e2afea98,0x00000000e2b00000)
  to   space 19456K, 0% used [0x00000000e0a80000,0x00000000e0a80000,0x00000000e1d80000)
 ParOldGen       total 58880K, used 26521K [0x0000000080000000, 0x0000000083980000, 0x00000000d5580000)
  object space 58880K, 45% used [0x0000000080000000,0x00000000819e6578,0x0000000083980000)
 Metaspace       used 56773K, capacity 59114K, committed 59160K, reserved 1099776K
  class space    used 7763K, capacity 8234K, committed 8240K, reserved 1048576K
Event: 7.607 GC heap after
Heap after GC invocations=15 (full 2):
 PSYoungGen      total 204800K, used 3239K [0x00000000d5580000, 0x00000000e7000000, 0x0000000100000000)
  eden space 185344K, 0% used [0x00000000d5580000,0x00000000d5580000,0x00000000e0a80000)
  from space 19456K, 16% used [0x00000000e0a80000,0x00000000e0da9f38,0x00000000e1d80000)
  to   space 19456K, 0% used [0x00000000e5d00000,0x00000000e5d00000,0x00000000e7000000)
 ParOldGen       total 58880K, used 36408K [0x0000000080000000, 0x0000000083980000, 0x00000000d5580000)
  object space 58880K, 61% used [0x0000000080000000,0x000000008238e020,0x0000000083980000)
 Metaspace       used 56773K, capacity 59114K, committed 59160K, reserved 1099776K
  class space    used 7763K, capacity 8234K, committed 8240K, reserved 1048576K
}
Event: 7.607 GC heap before
{Heap before GC invocations=16 (full 3):
 PSYoungGen      total 204800K, used 3239K [0x00000000d5580000, 0x00000000e7000000, 0x0000000100000000)
  eden space 185344K, 0% used [0x00000000d5580000,0x00000000d5580000,0x00000000e0a80000)
  from space 19456K, 16% used [0x00000000e0a80000,0x00000000e0da9f38,0x00000000e1d80000)
  to   space 19456K, 0% used [0x00000000e5d00000,0x00000000e5d00000,0x00000000e7000000)
 ParOldGen       total 58880K, used 36408K [0x0000000080000000, 0x0000000083980000, 0x00000000d5580000)
  object space 58880K, 61% used [0x0000000080000000,0x000000008238e020,0x0000000083980000)
 Metaspace       used 56773K, capacity 59114K, committed 59160K, reserved 1099776K
  class space    used 7763K, capacity 8234K, committed 8240K, reserved 1048576K
Event: 7.801 GC heap after
Heap after GC invocations=16 (full 3):
 PSYoungGen      total 204800K, used 0K [0x00000000d5580000, 0x00000000e7000000, 0x0000000100000000)
  eden space 185344K, 0% used [0x00000000d5580000,0x00000000d5580000,0x00000000e0a80000)
  from space 19456K, 0% used [0x00000000e0a80000,0x00000000e0a80000,0x00000000e1d80000)
  to   space 19456K, 0% used [0x00000000e5d00000,0x00000000e5d00000,0x00000000e7000000)
 ParOldGen       total 58880K, used 30956K [0x0000000080000000, 0x0000000083980000, 0x00000000d5580000)
  object space 58880K, 52% used [0x0000000080000000,0x0000000081e3b278,0x0000000083980000)
 Metaspace       used 56756K, capacity 59060K, committed 59160K, reserved 1099776K
  class space    used 7758K, capacity 8225K, committed 8240K, reserved 1048576K
}

Deoptimization events (10 events):
Event: 7.408 Thread 0x000000001a1ab000 Uncommon trap: reason=unstable_if action=reinterpret pc=0x0000000002925eb0 method=java.util.HashMap.resize()[Ljava/util/HashMap$Node; @ 206
Event: 7.409 Thread 0x000000001a1ab000 Uncommon trap: reason=unstable_if action=reinterpret pc=0x0000000002945e98 method=java.util.HashMap.getNode(ILjava/lang/Object;)Ljava/util/HashMap$Node; @ 84
Event: 7.409 Thread 0x000000001a1ab000 Uncommon trap: reason=unstable_if action=reinterpret pc=0x000000000353c0f0 method=java.util.HashMap.getNode(ILjava/lang/Object;)Ljava/util/HashMap$Node; @ 84
Event: 7.409 Thread 0x000000001a1ab000 Uncommon trap: reason=unstable_if action=reinterpret pc=0x000000000352872c method=java.util.HashMap.getNode(ILjava/lang/Object;)Ljava/util/HashMap$Node; @ 84
Event: 7.426 Thread 0x000000001a1ab000 Uncommon trap: reason=unstable_if action=reinterpret pc=0x00000000030a3540 method=java.io.WinNTFileSystem.normalize(Ljava/lang/String;)Ljava/lang/String; @ 74
Event: 7.426 Thread 0x000000001a1ab000 Uncommon trap: reason=unstable_if action=reinterpret pc=0x0000000002c2bfd4 method=java.io.WinNTFileSystem.normalize(Ljava/lang/String;II)Ljava/lang/String; @ 103
Event: 7.808 Thread 0x000000001a1ab000 Uncommon trap: reason=bimorphic action=maybe_recompile pc=0x0000000003312e14 method=java.util.regex.Pattern$5.isSatisfiedBy(I)Z @ 16
Event: 7.808 Thread 0x000000001a1ab000 Uncommon trap: reason=bimorphic action=maybe_recompile pc=0x0000000003312e14 method=java.util.regex.Pattern$5.isSatisfiedBy(I)Z @ 16
Event: 7.809 Thread 0x000000001a1ab000 Uncommon trap: reason=bimorphic action=maybe_recompile pc=0x0000000003312e14 method=java.util.regex.Pattern$5.isSatisfiedBy(I)Z @ 16
Event: 7.809 Thread 0x000000001a1ab000 Uncommon trap: reason=bimorphic action=maybe_recompile pc=0x0000000003312e14 method=java.util.regex.Pattern$5.isSatisfiedBy(I)Z @ 16

Classes redefined (0 events):
No events

Internal exceptions (10 events):
Event: 7.333 Thread 0x000000001a1ab000 Exception <a 'java/lang/ClassNotFoundException': com/android/build/gradle/internal/api/ApkVariantOutputImpl_DecoratedBeanInfo> (0x00000000d5e44dd0) thrown at [C:\src\AOSP-openjdk-git\hotspot\src\share\vm\classfile\systemDictionary.cpp, line 210]
Event: 7.333 Thread 0x000000001a1ab000 Exception <a 'java/lang/ClassNotFoundException': com/android/build/gradle/internal/api/ApkVariantOutputImplBeanInfo> (0x00000000d5e62000) thrown at [C:\src\AOSP-openjdk-git\hotspot\src\share\vm\classfile\systemDictionary.cpp, line 210]
Event: 7.333 Thread 0x000000001a1ab000 Exception <a 'java/lang/ClassNotFoundException': com/android/build/gradle/internal/api/BaseVariantOutputImplBeanInfo> (0x00000000d5e80438) thrown at [C:\src\AOSP-openjdk-git\hotspot\src\share\vm\classfile\systemDictionary.cpp, line 210]
Event: 7.334 Thread 0x000000001a1ab000 Exception <a 'java/lang/ClassNotFoundException': com/android/build/gradle/internal/api/BaseVariantOutputImplCustomizer> (0x00000000d5e9edd0) thrown at [C:\src\AOSP-openjdk-git\hotspot\src\share\vm\classfile\systemDictionary.cpp, line 210]
Event: 7.335 Thread 0x000000001a1ab000 Exception <a 'java/lang/ClassNotFoundException': com/android/build/gradle/internal/api/ApkVariantOutputImplCustomizer> (0x00000000d5ed7578) thrown at [C:\src\AOSP-openjdk-git\hotspot\src\share\vm\classfile\systemDictionary.cpp, line 210]
Event: 7.335 Thread 0x000000001a1ab000 Exception <a 'java/lang/ClassNotFoundException': com/android/build/gradle/internal/api/ApkVariantOutputImpl_DecoratedCustomizer> (0x00000000d5f0b318) thrown at [C:\src\AOSP-openjdk-git\hotspot\src\share\vm\classfile\systemDictionary.cpp, line 210]
Event: 7.454 Thread 0x000000001a1ab000 Exception <a 'java/lang/NoSuchMethodError': java.lang.Object.lambda$static$0(Lorg/gradle/api/internal/tasks/TaskDependencyResolveContext;)V> (0x00000000d69c4288) thrown at [C:\src\AOSP-openjdk-git\hotspot\src\share\vm\interpreter\linkResolver.cpp, line 62
Event: 7.582 Thread 0x000000001a1ab000 Exception <a 'sun/nio/fs/WindowsException'> (0x00000000d737c0d8) thrown at [C:\src\AOSP-openjdk-git\hotspot\src\share\vm\prims\jni.cpp, line 710]
Event: 7.833 Thread 0x000000001a1ab000 Exception <a 'java/lang/ClassNotFoundException': com/sun/org/glassfish/hk2/osgiresourcelocator/ServiceLoader> (0x00000000d588a828) thrown at [C:\src\AOSP-openjdk-git\hotspot\src\share\vm\classfile\systemDictionary.cpp, line 210]
Event: 7.866 Thread 0x000000001a1ab000 Exception <a 'java/lang/NullPointerException'> (0x00000000d60dde10) thrown at [C:\src\AOSP-openjdk-git\hotspot\src\share\vm\interpreter\linkResolver.cpp, line 1287]

Events (10 events):
Event: 8.012 loading class com/sun/xml/bind/v2/runtime/reflect/PrimitiveArrayListerByte
Event: 8.012 loading class com/sun/xml/bind/v2/runtime/reflect/PrimitiveArrayListerByte done
Event: 8.012 loading class com/sun/xml/bind/v2/runtime/reflect/PrimitiveArrayListerCharacter
Event: 8.012 loading class com/sun/xml/bind/v2/runtime/reflect/PrimitiveArrayListerCharacter done
Event: 8.013 loading class com/sun/xml/bind/v2/runtime/reflect/PrimitiveArrayListerDouble
Event: 8.013 loading class com/sun/xml/bind/v2/runtime/reflect/PrimitiveArrayListerDouble done
Event: 8.013 loading class com/sun/xml/bind/v2/runtime/reflect/PrimitiveArrayListerFloat
Event: 8.013 loading class com/sun/xml/bind/v2/runtime/reflect/PrimitiveArrayListerFloat done
Event: 8.014 loading class com/sun/xml/bind/v2/runtime/reflect/PrimitiveArrayListerInteger
Event: 8.014 loading class com/sun/xml/bind/v2/runtime/reflect/PrimitiveArrayListerInteger done


Dynamic libraries:
0x00007ff659e70000 - 0x00007ff659ea1000 	C:\Program Files\Android\Android Studio\jre\bin\java.exe
0x00007fff93d70000 - 0x00007fff93f66000 	C:\Windows\SYSTEM32\ntdll.dll
0x00007fff93830000 - 0x00007fff938ed000 	C:\Windows\System32\KERNEL32.DLL
0x00007fff91a80000 - 0x00007fff91d49000 	C:\Windows\System32\KERNELBASE.dll
0x00007fff92a60000 - 0x00007fff92b0c000 	C:\Windows\System32\ADVAPI32.dll
0x00007fff92cf0000 - 0x00007fff92d8e000 	C:\Windows\System32\msvcrt.dll
0x00007fff936c0000 - 0x00007fff9375c000 	C:\Windows\System32\sechost.dll
0x00007fff93b50000 - 0x00007fff93c7b000 	C:\Windows\System32\RPCRT4.dll
0x00007fff930f0000 - 0x00007fff93290000 	C:\Windows\System32\USER32.dll
0x00007fff91a50000 - 0x00007fff91a72000 	C:\Windows\System32\win32u.dll
0x00007fff92b10000 - 0x00007fff92b3a000 	C:\Windows\System32\GDI32.dll
0x00007fff917a0000 - 0x00007fff918a9000 	C:\Windows\System32\gdi32full.dll
0x00007fff918b0000 - 0x00007fff9194d000 	C:\Windows\System32\msvcp_win.dll
0x00007fff91950000 - 0x00007fff91a50000 	C:\Windows\System32\ucrtbase.dll
0x00007fff80760000 - 0x00007fff809fb000 	C:\Windows\WinSxS\amd64_microsoft.windows.common-controls_6595b64144ccf1df_6.0.19041.488_none_ca04af081b815d21\COMCTL32.dll
0x00007fff93b20000 - 0x00007fff93b50000 	C:\Windows\System32\IMM32.DLL
0x0000000061d20000 - 0x0000000061df2000 	C:\Program Files\Android\Android Studio\jre\jre\bin\msvcr100.dll
0x0000000061e00000 - 0x000000006264b000 	C:\Program Files\Android\Android Studio\jre\jre\bin\server\jvm.dll
0x00007fff93760000 - 0x00007fff93768000 	C:\Windows\System32\PSAPI.DLL
0x00007fff87760000 - 0x00007fff87787000 	C:\Windows\SYSTEM32\WINMM.dll
0x00007fff7eff0000 - 0x00007fff7eff9000 	C:\Windows\SYSTEM32\WSOCK32.dll
0x00007fff8c120000 - 0x00007fff8c12a000 	C:\Windows\SYSTEM32\VERSION.dll
0x00007fff93a50000 - 0x00007fff93abb000 	C:\Windows\System32\WS2_32.dll
0x00007fff8ee70000 - 0x00007fff8ee7f000 	C:\Program Files\Android\Android Studio\jre\jre\bin\verify.dll
0x00007fff8ba40000 - 0x00007fff8ba69000 	C:\Program Files\Android\Android Studio\jre\jre\bin\java.dll
0x00007fff8aca0000 - 0x00007fff8acb6000 	C:\Program Files\Android\Android Studio\jre\jre\bin\zip.dll
0x00007fff91dd0000 - 0x00007fff92512000 	C:\Windows\System32\SHELL32.dll
0x00007fff8f620000 - 0x00007fff8fdb5000 	C:\Windows\SYSTEM32\windows.storage.dll
0x00007fff92d90000 - 0x00007fff930e6000 	C:\Windows\System32\combase.dll
0x00007fff90e50000 - 0x00007fff90e7c000 	C:\Windows\SYSTEM32\Wldp.dll
0x00007fff93920000 - 0x00007fff939ce000 	C:\Windows\System32\SHCORE.dll
0x00007fff93ac0000 - 0x00007fff93b15000 	C:\Windows\System32\shlwapi.dll
0x00007fff913e0000 - 0x00007fff91406000 	C:\Windows\SYSTEM32\profapi.dll
0x00007fff8ac80000 - 0x00007fff8ac9a000 	C:\Program Files\Android\Android Studio\jre\jre\bin\net.dll
0x00007fff90bd0000 - 0x00007fff90c3a000 	C:\Windows\system32\mswsock.dll
0x00007fff8ac10000 - 0x00007fff8ac23000 	C:\Program Files\Android\Android Studio\jre\jre\bin\nio.dll
0x00007fff7b3c0000 - 0x00007fff7b3e7000 	C:\Users\gi\.gradle\native\f6784746aeab05261644944871eae4fe03e0ef1612fff0a4a95f87b438bc6780\windows-amd64\native-platform.dll
0x00007fff8ede0000 - 0x00007fff8eded000 	C:\Program Files\Android\Android Studio\jre\jre\bin\management.dll
0x00007fff90da0000 - 0x00007fff90db8000 	C:\Windows\SYSTEM32\CRYPTSP.dll
0x00007fff90560000 - 0x00007fff90594000 	C:\Windows\system32\rsaenh.dll
0x00007fff91da0000 - 0x00007fff91dc7000 	C:\Windows\System32\bcrypt.dll
0x00007fff91350000 - 0x00007fff9137e000 	C:\Windows\SYSTEM32\USERENV.dll
0x00007fff915c0000 - 0x00007fff91640000 	C:\Windows\System32\bcryptprimitives.dll
0x00007fff90dc0000 - 0x00007fff90dcc000 	C:\Windows\SYSTEM32\CRYPTBASE.dll
0x00007fff908c0000 - 0x00007fff908fb000 	C:\Windows\SYSTEM32\IPHLPAPI.DLL
0x00007fff938f0000 - 0x00007fff938f8000 	C:\Windows\System32\NSI.dll
0x00007fff8c170000 - 0x00007fff8c187000 	C:\Windows\SYSTEM32\dhcpcsvc6.DLL
0x00007fff8c150000 - 0x00007fff8c16d000 	C:\Windows\SYSTEM32\dhcpcsvc.DLL
0x00007fff90900000 - 0x00007fff909cb000 	C:\Windows\SYSTEM32\DNSAPI.dll
0x00007fff8c1f0000 - 0x00007fff8c1fb000 	C:\Windows\SYSTEM32\WINNSI.DLL

VM Arguments:
jvm_args: -Xmx2048m -Dfile.encoding=UTF-8 -Duser.country=US -Duser.language=en -Duser.variant 
java_command: org.gradle.launcher.daemon.bootstrap.GradleDaemon 6.5
java_class_path (initial): C:\Users\gi\.gradle\wrapper\dists\gradle-6.5-bin\6nifqtx7604sqp1q6g8wikw7p\gradle-6.5\lib\gradle-launcher-6.5.jar
Launcher Type: SUN_STANDARD

Environment Variables:
JAVA_HOME=C:\Program Files\Java\jdk-13.0.2
PATH=C:\Windows\system32;C:\Windows;C:\Windows\System32\Wbem;C:\Windows\System32\WindowsPowerShell\v1.0\;C:\Windows\System32\OpenSSH\;C:\Program Files\Java\jdk-13.0.2\bin;C:\Program Files (x86)\MySQL\MySQL Server 5.0\bin;C:\sqlite;C:\Program Files\Git\cmd;C:\Users\gi\AppData\Local\Microsoft\WindowsApps;C:\sqlite;
USERNAME=Om Sai Computers
OS=Windows_NT
PROCESSOR_IDENTIFIER=AMD64 Family 23 Model 24 Stepping 1, AuthenticAMD



---------------  S Y S T E M  ---------------

OS: Windows 10.0 , 64 bit Build 19041 (10.0.19041.662)

CPU:total 4 (initial active 4) (4 cores per cpu, 1 threads per core) family 23 model 24 stepping 1, cmov, cx8, fxsr, mmx, sse, sse2, sse3, ssse3, sse4.1, sse4.2, popcnt, avx, avx2, aes, clmul, mmxext, 3dnowpref, lzcnt, sse4a, tsc, tscinvbit, tscinv, bmi1

Memory: 4k page, physical 6238720k(527092k free), swap 25113088k(5152k free)

vm_info: OpenJDK 64-Bit Server VM (25.242-b01) for windows-amd64 JRE (1.8.0_242-release-1644-b01), built by "builder" with MS VC++ 10.0 (VS2010)

time: Thu Jul 08 00:25:49 2021
timezone: India Standard Time
elapsed time: 8 seconds (0d 0h 0m 8s)

